2019-03-12 18:16:49,480 INFO supervisord started with pid 9677
2019-03-12 18:16:50,484 INFO spawned: 'stdout' with pid 9687
2019-03-12 18:16:50,489 INFO spawned: 'millllllll' with pid 9688
2019-03-12 18:16:50,493 INFO spawned: 'gopher' with pid 9689
2019-03-12 18:16:50,544 INFO exited: gopher (exit status 2; not expected)
2019-03-12 18:16:50,544 INFO exited: millllllll (exit status 2; not expected)
2019-03-12 18:16:51,697 INFO success: stdout entered RUNNING state, process has stayed up for > than 1 seconds (startsecs)
2019-03-12 18:16:51,699 INFO spawned: 'millllllll' with pid 9691
2019-03-12 18:16:51,702 INFO spawned: 'gopher' with pid 9692
2019-03-12 18:16:51,735 INFO exited: millllllll (exit status 2; not expected)
2019-03-12 18:16:51,738 INFO exited: gopher (exit status 2; not expected)
2019-03-12 18:16:53,743 INFO spawned: 'millllllll' with pid 9709
2019-03-12 18:16:53,746 INFO spawned: 'gopher' with pid 9710
2019-03-12 18:16:53,826 INFO exited: gopher (exit status 2; not expected)
2019-03-12 18:16:53,827 INFO exited: millllllll (exit status 2; not expected)
2019-03-12 18:16:55,285 WARN received SIGINT indicating exit request
2019-03-12 18:16:55,285 INFO waiting for millllllll, stdout to die
2019-03-12 18:16:56,159 WARN received SIGINT indicating exit request
2019-03-12 18:16:56,312 WARN received SIGINT indicating exit request
2019-03-12 18:16:56,316 INFO stopped: stdout (terminated by SIGTERM)
2019-03-12 18:17:12,727 INFO supervisord started with pid 9864
2019-03-12 18:17:13,731 INFO spawned: 'stdout' with pid 9879
2019-03-12 18:17:13,737 INFO spawned: 'millllllll' with pid 9880
2019-03-12 18:17:13,741 INFO spawned: 'gopher' with pid 9881
2019-03-12 18:17:13,790 INFO exited: millllllll (exit status 2; not expected)
2019-03-12 18:17:13,790 INFO exited: gopher (exit status 2; not expected)
2019-03-12 18:17:14,919 INFO success: stdout entered RUNNING state, process has stayed up for > than 1 seconds (startsecs)
2019-03-12 18:17:14,923 INFO spawned: 'millllllll' with pid 9884
2019-03-12 18:17:14,927 INFO spawned: 'gopher' with pid 9885
2019-03-12 18:17:14,960 INFO exited: millllllll (exit status 2; not expected)
2019-03-12 18:17:14,964 INFO exited: gopher (exit status 2; not expected)
2019-03-12 18:17:16,969 INFO spawned: 'millllllll' with pid 9890
2019-03-12 18:17:16,973 INFO spawned: 'gopher' with pid 9891
2019-03-12 18:17:17,009 INFO exited: millllllll (exit status 2; not expected)
2019-03-12 18:17:17,011 INFO exited: gopher (exit status 2; not expected)
2019-03-12 18:17:20,016 INFO spawned: 'millllllll' with pid 9898
2019-03-12 18:17:20,019 INFO spawned: 'gopher' with pid 9899
2019-03-12 18:17:20,054 INFO exited: millllllll (exit status 2; not expected)
2019-03-12 18:17:20,056 INFO gave up: millllllll entered FATAL state, too many start retries too quickly
2019-03-12 18:17:20,056 INFO exited: gopher (exit status 2; not expected)
2019-03-12 18:17:21,057 INFO gave up: gopher entered FATAL state, too many start retries too quickly
2019-03-12 18:17:22,092 WARN received SIGINT indicating exit request
2019-03-12 18:17:22,093 INFO waiting for stdout to die
2019-03-12 18:17:24,098 INFO stopped: stdout (terminated by SIGTERM)
2019-03-12 18:17:54,115 INFO supervisord started with pid 10065
2019-03-12 18:17:55,118 INFO spawned: 'stdout' with pid 10083
2019-03-12 18:17:55,121 INFO spawned: 'millllllll' with pid 10084
2019-03-12 18:17:55,126 INFO spawned: 'gopher' with pid 10085
2019-03-12 18:17:55,362 INFO exited: millllllll (exit status 1; not expected)
2019-03-12 18:17:56,362 INFO success: stdout entered RUNNING state, process has stayed up for > than 1 seconds (startsecs)
2019-03-12 18:17:56,364 INFO spawned: 'millllllll' with pid 10088
2019-03-12 18:17:56,364 INFO success: gopher entered RUNNING state, process has stayed up for > than 1 seconds (startsecs)
2019-03-12 18:17:56,586 INFO exited: millllllll (exit status 1; not expected)
2019-03-12 18:17:58,591 INFO spawned: 'millllllll' with pid 10097
2019-03-12 18:17:58,796 INFO exited: millllllll (exit status 1; not expected)
2019-03-12 18:18:01,776 WARN received SIGINT indicating exit request
2019-03-12 18:18:01,777 INFO waiting for millllllll, gopher, stdout to die
2019-03-12 18:18:01,778 INFO stopped: gopher (terminated by SIGTERM)
2019-03-12 18:18:02,783 INFO stopped: stdout (terminated by SIGTERM)
2019-03-12 18:18:08,698 INFO supervisord started with pid 10175
2019-03-12 18:18:09,703 INFO spawned: 'stdout' with pid 10181
2019-03-12 18:18:09,706 INFO spawned: 'millllllll' with pid 10182
2019-03-12 18:18:09,709 INFO spawned: 'gopher' with pid 10183
2019-03-12 18:18:09,976 INFO exited: millllllll (exit status 1; not expected)
2019-03-12 18:18:10,977 INFO success: stdout entered RUNNING state, process has stayed up for > than 1 seconds (startsecs)
2019-03-12 18:18:10,981 INFO spawned: 'millllllll' with pid 10186
2019-03-12 18:18:10,981 INFO success: gopher entered RUNNING state, process has stayed up for > than 1 seconds (startsecs)
2019-03-12 18:18:11,197 INFO exited: millllllll (exit status 1; not expected)
2019-03-12 18:18:12,438 WARN received SIGINT indicating exit request
2019-03-12 18:18:12,438 INFO waiting for millllllll, gopher, stdout to die
2019-03-12 18:18:12,440 INFO stopped: gopher (terminated by SIGTERM)
2019-03-12 18:18:13,445 INFO stopped: stdout (terminated by SIGTERM)
2019-03-12 18:18:17,923 INFO supervisord started with pid 10259
2019-03-12 18:18:18,927 INFO spawned: 'stdout' with pid 10265
2019-03-12 18:18:18,932 INFO spawned: 'millllllll' with pid 10266
2019-03-12 18:18:18,937 INFO spawned: 'gopher' with pid 10267
2019-03-12 18:18:20,141 INFO success: stdout entered RUNNING state, process has stayed up for > than 1 seconds (startsecs)
2019-03-12 18:18:20,141 INFO success: millllllll entered RUNNING state, process has stayed up for > than 1 seconds (startsecs)
2019-03-12 18:18:20,141 INFO success: gopher entered RUNNING state, process has stayed up for > than 1 seconds (startsecs)
2019-03-12 18:18:25,469 WARN received SIGINT indicating exit request
2019-03-12 18:18:25,470 INFO waiting for millllllll, gopher, stdout to die
2019-03-12 18:18:25,471 INFO stopped: gopher (terminated by SIGTERM)
2019-03-12 18:18:25,477 INFO stopped: millllllll (terminated by SIGTERM)
2019-03-12 18:18:25,480 INFO stopped: stdout (terminated by SIGTERM)
2019-03-12 18:18:40,727 INFO supervisord started with pid 10447
2019-03-12 18:18:41,733 INFO spawned: 'stdout' with pid 10451
2019-03-12 18:18:41,736 INFO spawned: 'millllllll' with pid 10452
2019-03-12 18:18:41,740 INFO spawned: 'gopher' with pid 10453
2019-03-12 18:18:42,955 INFO success: stdout entered RUNNING state, process has stayed up for > than 1 seconds (startsecs)
2019-03-12 18:18:42,956 INFO success: millllllll entered RUNNING state, process has stayed up for > than 1 seconds (startsecs)
2019-03-12 18:18:42,958 INFO success: gopher entered RUNNING state, process has stayed up for > than 1 seconds (startsecs)
2019-03-12 18:18:44,585 WARN received SIGINT indicating exit request
2019-03-12 18:18:44,585 INFO waiting for millllllll, gopher, stdout to die
2019-03-12 18:18:44,587 INFO stopped: gopher (terminated by SIGTERM)
2019-03-12 18:18:44,591 INFO stopped: millllllll (terminated by SIGTERM)
2019-03-12 18:18:44,593 INFO stopped: stdout (terminated by SIGTERM)
2019-03-12 18:18:58,559 INFO supervisord started with pid 10639
2019-03-12 18:18:59,561 INFO spawned: 'stdout' with pid 10644
2019-03-12 18:18:59,564 INFO spawned: 'millllllll' with pid 10645
2019-03-12 18:18:59,568 INFO spawned: 'gopher' with pid 10646
2019-03-12 18:19:00,759 INFO success: stdout entered RUNNING state, process has stayed up for > than 1 seconds (startsecs)
2019-03-12 18:19:00,760 INFO success: millllllll entered RUNNING state, process has stayed up for > than 1 seconds (startsecs)
2019-03-12 18:19:00,760 INFO success: gopher entered RUNNING state, process has stayed up for > than 1 seconds (startsecs)
2019-03-12 18:19:02,374 WARN received SIGINT indicating exit request
2019-03-12 18:19:02,375 INFO waiting for millllllll, gopher, stdout to die
2019-03-12 18:19:02,376 INFO stopped: gopher (terminated by SIGTERM)
2019-03-12 18:19:02,383 INFO stopped: millllllll (terminated by SIGTERM)
2019-03-12 18:19:02,387 INFO stopped: stdout (terminated by SIGTERM)
2019-03-12 18:19:15,545 INFO supervisord started with pid 10783
2019-03-12 18:19:16,549 INFO spawned: 'millllllll' with pid 10798
2019-03-12 18:19:16,554 INFO spawned: 'gopher' with pid 10799
2019-03-12 18:19:17,556 INFO success: millllllll entered RUNNING state, process has stayed up for > than 1 seconds (startsecs)
2019-03-12 18:19:17,556 INFO success: gopher entered RUNNING state, process has stayed up for > than 1 seconds (startsecs)
2019-03-12 18:19:47,374 WARN received SIGINT indicating exit request
2019-03-12 18:19:47,374 INFO waiting for millllllll, gopher to die
2019-03-12 18:19:47,375 INFO stopped: gopher (terminated by SIGTERM)
2019-03-12 18:19:47,379 INFO stopped: millllllll (terminated by SIGTERM)
2019-03-12 18:19:56,619 INFO supervisord started with pid 10964
2019-03-12 18:19:57,624 INFO spawned: 'millllllll' with pid 10982
2019-03-12 18:19:57,629 INFO spawned: 'gopher' with pid 10983
2019-03-12 18:19:58,631 INFO success: millllllll entered RUNNING state, process has stayed up for > than 1 seconds (startsecs)
2019-03-12 18:19:58,631 INFO success: gopher entered RUNNING state, process has stayed up for > than 1 seconds (startsecs)
2019-03-12 18:21:06,536 WARN received SIGINT indicating exit request
2019-03-12 18:21:06,536 INFO waiting for millllllll, gopher to die
2019-03-12 18:21:06,538 INFO stopped: gopher (terminated by SIGTERM)
2019-03-12 18:21:06,543 INFO stopped: millllllll (terminated by SIGTERM)
2019-03-12 18:22:33,686 INFO supervisord started with pid 11563
2019-03-12 18:22:34,689 INFO spawned: 'millllllll' with pid 11568
2019-03-12 18:22:34,692 INFO spawned: 'gopher' with pid 11569
2019-03-12 18:22:36,071 INFO success: millllllll entered RUNNING state, process has stayed up for > than 1 seconds (startsecs)
2019-03-12 18:22:36,071 INFO success: gopher entered RUNNING state, process has stayed up for > than 1 seconds (startsecs)
2019-03-12 18:23:06,718 WARN received SIGINT indicating exit request
2019-03-12 18:23:06,719 INFO waiting for millllllll, gopher to die
2019-03-12 18:23:06,720 INFO stopped: gopher (terminated by SIGTERM)
2019-03-12 18:23:06,727 INFO stopped: millllllll (terminated by SIGTERM)
